<!DOCTYPE html PUBLIC "-//W3C//DTD XHTML 1.1//EN" "http://www.w3.org/TR/xhtml11/DTD/xhtml11.dtd">
<html xmlns="http://www.w3.org/1999/xhtml">
<head>
<meta http-equiv="content-type" content="text/html; charset=UTF-8"/>
<title>TestNG Report</title>
<style type="text/css">table {margin-bottom:10px;border-collapse:collapse;empty-cells:show}th,td {border:1px solid #009;padding:.25em .5em}th {vertical-align:bottom}td {vertical-align:top}table a {font-weight:bold}.stripe td {background-color: #E6EBF9}.num {text-align:right}.passedodd td {background-color: #3F3}.passedeven td {background-color: #0A0}.skippedodd td {background-color: #DDD}.skippedeven td {background-color: #CCC}.failedodd td,.attn {background-color: #F33}.failedeven td,.stripe .attn {background-color: #D00}.stacktrace {white-space:pre;font-family:monospace}.totop {font-size:85%;text-align:center;border-bottom:2px solid #000}.invisible {display:none}</style>
</head>
<body>
<table>
<tr><th>Test</th><th># Passed</th><th># Skipped</th><th># Failed</th><th>Time (ms)</th><th>Included Groups</th><th>Excluded Groups</th></tr>
<tr><th colspan="7">UI Test Suite</th></tr>
<tr><td><a href="#t0">TradeMe Sandbox - Login and Search Test Scenarios</a></td><td class="num">15</td><td class="num">0</td><td class="num attn">2</td><td class="num">247,959</td><td></td><td></td></tr>
<tr><th colspan="7">API Automation Suite</th></tr>
<tr class="stripe"><td><a href="#t1">API Test Scenarios Demo</a></td><td class="num">7</td><td class="num">0</td><td class="num">0</td><td class="num">12,378</td><td></td><td></td></tr>
<tr><th>Total</th><th class="num">22</th><th class="num">0</th><th class="num attn">2</th><th class="num">260,337</th><th colspan="2"></th></tr>
</table>
<table id='summary'><thead><tr><th>Class</th><th>Method</th><th>Start</th><th>Time (ms)</th></tr></thead><tbody><tr><th colspan="4">UI Test Suite</th></tr></tbody><tbody id="t0"><tr><th colspan="4">TradeMe Sandbox - Login and Search Test Scenarios &#8212; failed</th></tr><tr class="failedeven"><td rowspan="2">com.ui.tests.UITests</td><td><a href="#m0">verifySearchForDifferentKeywords</a></td><td rowspan="1">1660384135396</td><td rowspan="1">38096</td></tr><tr class="failedeven"><td><a href="#m1">verifySell</a></td><td rowspan="1">1660384173829</td><td rowspan="1">39373</td></tr><tr><th colspan="4">TradeMe Sandbox - Login and Search Test Scenarios &#8212; passed</th></tr><tr class="passedeven"><td rowspan="15">com.ui.tests.UITests</td><td><a href="#m2">InvalidCredentialsLogin</a></td><td rowspan="1">1660383989240</td><td rowspan="1">1613</td></tr><tr class="passedeven"><td><a href="#m3">cancelButtonWorks</a></td><td rowspan="1">1660384005868</td><td rowspan="1">4097</td></tr><tr class="passedeven"><td><a href="#m4">emptyCredentialsLogin</a></td><td rowspan="1">1660383993696</td><td rowspan="1">1322</td></tr><tr class="passedeven"><td><a href="#m5">forgotPasswordLinkWorks</a></td><td rowspan="1">1660383999703</td><td rowspan="1">6161</td></tr><tr class="passedeven"><td><a href="#m6">invalidEmailValidPasswordLogin</a></td><td rowspan="1">1660383992289</td><td rowspan="1">1404</td></tr><tr class="passedeven"><td><a href="#m7">registerNowLinkWorks</a></td><td rowspan="1">1660383995021</td><td rowspan="1">4649</td></tr><tr class="passedeven"><td><a href="#m8">setupForSearchTest</a></td><td rowspan="1">1660384023834</td><td rowspan="1">15682</td></tr><tr class="passedeven"><td><a href="#m9">troubleLoggingInLinkWorks</a></td><td rowspan="1">1660384009968</td><td rowspan="1">13861</td></tr><tr class="passedeven"><td><a href="#m10">validCredentialsLogin</a></td><td rowspan="1">1660383986843</td><td rowspan="1">2395</td></tr><tr class="passedeven"><td><a href="#m11">validEmailInvalidPasswordLogin</a></td><td rowspan="1">1660383990856</td><td rowspan="1">1431</td></tr><tr class="passedeven"><td><a href="#m12">validateAbleToUncheckRemeberMeCheckBox</a></td><td rowspan="1">1660383986564</td><td rowspan="1">247</td></tr><tr class="passedeven"><td><a href="#m13">validateByDefaultRemeberMeCheckBoxIsChecked</a></td><td rowspan="1">1660383986070</td><td rowspan="1">248</td></tr><tr class="passedeven"><td><a href="#m14">verifySearchForDifferentKeywords</a></td><td rowspan="3">1660384076019</td><td rowspan="3">30911</td></tr><tr class="passedeven"><td><a href="#m15">verifySearchForDifferentKeywords</a></td></tr><tr class="passedeven"><td><a href="#m16">verifySearchForDifferentKeywords</a></td></tr></tbody>
<tbody><tr><th colspan="4">API Automation Suite</th></tr></tbody><tbody id="t1"><tr><th colspan="4">API Test Scenarios Demo &#8212; passed</th></tr><tr class="passedeven"><td rowspan="7">com.api.runner.TestRunner</td><td><a href="#m17">runScenario</a></td><td rowspan="7">1660384224794</td><td rowspan="7">777</td></tr><tr class="passedeven"><td><a href="#m18">runScenario</a></td></tr><tr class="passedeven"><td><a href="#m19">runScenario</a></td></tr><tr class="passedeven"><td><a href="#m20">runScenario</a></td></tr><tr class="passedeven"><td><a href="#m21">runScenario</a></td></tr><tr class="passedeven"><td><a href="#m22">runScenario</a></td></tr><tr class="passedeven"><td><a href="#m23">runScenario</a></td></tr></tbody>
</table>
<h2>TradeMe Sandbox - Login and Search Test Scenarios</h2><h3 id="m0">com.ui.tests.UITests#verifySearchForDifferentKeywords</h3><table class="result"><tr class="param"><th>Parameter #1</th></tr><tr class="param stripe"><td>gfggfg</td></tr><tr><th>Exception</th></tr><tr><td><div class="stacktrace">java.lang.AssertionError: No Items found for search keyword, Showing 0 results for &quot;gfggfg&quot; expected [true] but found [false]
	at com.ui.tests.UITests.verifySearchForDifferentKeywords(UITests.java:136)
... Removed 31 stack frames</div></td></tr></table><p class="totop"><a href="#summary">back to summary</a></p>
<h3 id="m1">com.ui.tests.UITests#verifySell</h3><table class="result"><tr><th>Exception</th></tr><tr><td><div class="stacktrace">org.openqa.selenium.NoSuchElementException: no such element: Unable to locate element: {&quot;method&quot;:&quot;css selector&quot;,&quot;selector&quot;:&quot;#listing\-title&quot;}
  (Session info: chrome=104.0.5112.81)
For documentation on this error, please visit: http://seleniumhq.org/exceptions/no_such_element.html
Build info: version: &apos;3.11.0&apos;, revision: &apos;e59cfb3&apos;, time: &apos;2018-03-11T20:26:55.152Z&apos;
System info: host: &apos;IN-HB8L473&apos;, ip: &apos;192.168.43.116&apos;, os.name: &apos;Windows 10&apos;, os.arch: &apos;amd64&apos;, os.version: &apos;10.0&apos;, java.version: &apos;11.0.5&apos;
Driver info: org.openqa.selenium.chrome.ChromeDriver
Capabilities {acceptInsecureCerts: false, browserName: chrome, browserVersion: 104.0.5112.81, chrome: {chromedriverVersion: 104.0.5112.79 (3cf3e8c8a07d..., userDataDir: C:\Users\ROHITN~1\AppData\L...}, goog:chromeOptions: {debuggerAddress: localhost:59917}, javascriptEnabled: true, networkConnectionEnabled: false, pageLoadStrategy: normal, platform: WINDOWS, platformName: WINDOWS, proxy: Proxy(), setWindowRect: true, strictFileInteractability: false, timeouts: {implicit: 0, pageLoad: 300000, script: 30000}, unhandledPromptBehavior: dismiss and notify, webauthn:extension:credBlob: true, webauthn:extension:largeBlob: true, webauthn:virtualAuthenticators: true}
Session ID: a55a786aab197a16a7881dc62f7304fd
*** Element info: {Using=id, value=listing-title}
	at org.openqa.selenium.remote.http.W3CHttpResponseCodec.createException(W3CHttpResponseCodec.java:187)
	at org.openqa.selenium.remote.http.W3CHttpResponseCodec.decode(W3CHttpResponseCodec.java:122)
	at org.openqa.selenium.remote.http.W3CHttpResponseCodec.decode(W3CHttpResponseCodec.java:49)
	at org.openqa.selenium.remote.HttpCommandExecutor.execute(HttpCommandExecutor.java:158)
	at org.openqa.selenium.remote.service.DriverCommandExecutor.execute(DriverCommandExecutor.java:83)
	at org.openqa.selenium.remote.RemoteWebDriver.execute(RemoteWebDriver.java:545)
	at org.openqa.selenium.remote.RemoteWebDriver.findElement(RemoteWebDriver.java:319)
	at org.openqa.selenium.remote.RemoteWebDriver.findElementById(RemoteWebDriver.java:365)
	at org.openqa.selenium.By$ById.findElement(By.java:218)
	at org.openqa.selenium.remote.RemoteWebDriver.findElement(RemoteWebDriver.java:311)
	at org.openqa.selenium.support.pagefactory.DefaultElementLocator.findElement(DefaultElementLocator.java:69)
	at org.openqa.selenium.support.pagefactory.internal.LocatingElementHandler.invoke(LocatingElementHandler.java:38)
	at com.sun.proxy.$Proxy9.clear(Unknown Source)
	at com.ui.pages.TradeMe.enterListingTitle(TradeMe.java:49)
	at com.ui.tests.UITests.verifySell(UITests.java:149)
... Removed 32 stack frames</div></td></tr></table><p class="totop"><a href="#summary">back to summary</a></p>
<h3 id="m2">com.ui.tests.UITests#InvalidCredentialsLogin</h3><table class="result"><tr class="param"><th>Parameter #1</th><th>Parameter #2</th><th>Parameter #3</th></tr><tr class="param stripe"><td>invalid_email@hello.com</td><td>invalidpasswd</td><td>Please complete Google reCAPTCHA and try again</td></tr></table><p class="totop"><a href="#summary">back to summary</a></p>
<h3 id="m3">com.ui.tests.UITests#cancelButtonWorks</h3><table class="result"><tr class="param"><th>Parameter #1</th></tr><tr class="param stripe"><td>TRADEME SANDBOX - Buy online and sell with NZ</td></tr></table><p class="totop"><a href="#summary">back to summary</a></p>
<h3 id="m4">com.ui.tests.UITests#emptyCredentialsLogin</h3><table class="result"><tr class="param"><th>Parameter #1</th><th>Parameter #2</th><th>Parameter #3</th></tr><tr class="param stripe"><td></td><td></td><td>This field is required</td></tr></table><p class="totop"><a href="#summary">back to summary</a></p>
<h3 id="m5">com.ui.tests.UITests#forgotPasswordLinkWorks</h3><table class="result"><tr class="param"><th>Parameter #1</th></tr><tr class="param stripe"><td>https://www.tmsandbox.co.nz/Members/PasswordReminder.aspx</td></tr></table><p class="totop"><a href="#summary">back to summary</a></p>
<h3 id="m6">com.ui.tests.UITests#invalidEmailValidPasswordLogin</h3><table class="result"><tr class="param"><th>Parameter #1</th><th>Parameter #2</th><th>Parameter #3</th></tr><tr class="param stripe"><td>invalid_email@hello</td><td>validpasswd</td><td>Please enter a valid email address</td></tr></table><p class="totop"><a href="#summary">back to summary</a></p>
<h3 id="m7">com.ui.tests.UITests#registerNowLinkWorks</h3><table class="result"><tr class="param"><th>Parameter #1</th></tr><tr class="param stripe"><td>Trade Me - Register</td></tr></table><p class="totop"><a href="#summary">back to summary</a></p>
<h3 id="m8">com.ui.tests.UITests#setupForSearchTest</h3><table class="result"><tr><th class="invisible"/></tr></table><p class="totop"><a href="#summary">back to summary</a></p>
<h3 id="m9">com.ui.tests.UITests#troubleLoggingInLinkWorks</h3><table class="result"><tr class="param"><th>Parameter #1</th></tr><tr class="param stripe"><td>Logging in â€“ Help - Trade Me</td></tr></table><p class="totop"><a href="#summary">back to summary</a></p>
<h3 id="m10">com.ui.tests.UITests#validCredentialsLogin</h3><table class="result"><tr class="param"><th>Parameter #1</th><th>Parameter #2</th><th>Parameter #3</th></tr><tr class="param stripe"><td>valid_email@hello.com</td><td>validpasswd</td><td>Please complete Google reCAPTCHA and try again</td></tr></table><p class="totop"><a href="#summary">back to summary</a></p>
<h3 id="m11">com.ui.tests.UITests#validEmailInvalidPasswordLogin</h3><table class="result"><tr class="param"><th>Parameter #1</th><th>Parameter #2</th><th>Parameter #3</th></tr><tr class="param stripe"><td>valid_email@hello.com</td><td>invalidpasswd</td><td>Please complete Google reCAPTCHA and try again</td></tr></table><p class="totop"><a href="#summary">back to summary</a></p>
<h3 id="m12">com.ui.tests.UITests#validateAbleToUncheckRemeberMeCheckBox</h3><table class="result"><tr><th class="invisible"/></tr></table><p class="totop"><a href="#summary">back to summary</a></p>
<h3 id="m13">com.ui.tests.UITests#validateByDefaultRemeberMeCheckBoxIsChecked</h3><table class="result"><tr><th class="invisible"/></tr></table><p class="totop"><a href="#summary">back to summary</a></p>
<h3 id="m14">com.ui.tests.UITests#verifySearchForDifferentKeywords</h3><table class="result"><tr class="param"><th>Parameter #1</th></tr><tr class="param stripe"><td>wireless mouse</td></tr></table><p class="totop"><a href="#summary">back to summary</a></p>
<h3 id="m15">com.ui.tests.UITests#verifySearchForDifferentKeywords</h3><table class="result"><tr class="param"><th>Parameter #1</th></tr><tr class="param stripe"><td>thinkpad</td></tr></table><p class="totop"><a href="#summary">back to summary</a></p>
<h3 id="m16">com.ui.tests.UITests#verifySearchForDifferentKeywords</h3><table class="result"><tr class="param"><th>Parameter #1</th></tr><tr class="param stripe"><td>wireless keyboard</td></tr></table><p class="totop"><a href="#summary">back to summary</a></p>
<h2>API Test Scenarios Demo</h2><h3 id="m17">com.api.runner.TestRunner#runScenario</h3><table class="result"><tr class="param"><th>Parameter #1</th><th>Parameter #2</th></tr><tr class="param stripe"><td>&quot;Validating GET API response after place got deleted&quot;</td><td>&quot;End to End (Delete &gt; Get &gt; Update place) Response Validations&quot;</td></tr></table><p class="totop"><a href="#summary">back to summary</a></p>
<h3 id="m18">com.api.runner.TestRunner#runScenario</h3><table class="result"><tr class="param"><th>Parameter #1</th><th>Parameter #2</th></tr><tr class="param stripe"><td>&quot;Validating GET API response for added place&quot;</td><td>&quot;End to End (Add &gt; Get &gt; Update &gt; Get Place) Response validations&quot;</td></tr></table><p class="totop"><a href="#summary">back to summary</a></p>
<h3 id="m19">com.api.runner.TestRunner#runScenario</h3><table class="result"><tr class="param"><th>Parameter #1</th><th>Parameter #2</th></tr><tr class="param stripe"><td>&quot;Validating DELETE API response after deleting place&quot;</td><td>&quot;End to End (Delete &gt; Get &gt; Update place) Response Validations&quot;</td></tr></table><p class="totop"><a href="#summary">back to summary</a></p>
<h3 id="m20">com.api.runner.TestRunner#runScenario</h3><table class="result"><tr class="param"><th>Parameter #1</th><th>Parameter #2</th></tr><tr class="param stripe"><td>&quot;Trying to update address for added place&quot;</td><td>&quot;End to End (Add &gt; Get &gt; Update &gt; Get Place) Response validations&quot;</td></tr></table><p class="totop"><a href="#summary">back to summary</a></p>
<h3 id="m21">com.api.runner.TestRunner#runScenario</h3><table class="result"><tr class="param"><th>Parameter #1</th><th>Parameter #2</th></tr><tr class="param stripe"><td>&quot;Validating POST API response for adding place&quot;</td><td>&quot;End to End (Add &gt; Get &gt; Update &gt; Get Place) Response validations&quot;</td></tr></table><p class="totop"><a href="#summary">back to summary</a></p>
<h3 id="m22">com.api.runner.TestRunner#runScenario</h3><table class="result"><tr class="param"><th>Parameter #1</th><th>Parameter #2</th></tr><tr class="param stripe"><td>&quot;Validating GET API response after updating address&quot;</td><td>&quot;End to End (Add &gt; Get &gt; Update &gt; Get Place) Response validations&quot;</td></tr></table><p class="totop"><a href="#summary">back to summary</a></p>
<h3 id="m23">com.api.runner.TestRunner#runScenario</h3><table class="result"><tr class="param"><th>Parameter #1</th><th>Parameter #2</th></tr><tr class="param stripe"><td>&quot;Validating PUT API response after place got deleted&quot;</td><td>&quot;End to End (Delete &gt; Get &gt; Update place) Response Validations&quot;</td></tr></table><p class="totop"><a href="#summary">back to summary</a></p>
</body>
</html>
