<?xml version="1.0" encoding="UTF-8"?>
<testsuite xmlns:xsi="http://www.w3.org/2001/XMLSchema-instance" xsi:schemaLocation="https://maven.apache.org/surefire/maven-surefire-plugin/xsd/surefire-test-report.xsd" name="TestSuite" time="268.151" tests="24" errors="0" skipped="0" failures="2">
  <properties>
[...]
</properties>
  <testcase name="validateByDefaultRemeberMeCheckBoxIsChecked" classname="com.ui.tests.UITests" time="0.246"/>
  <testcase name="validateAbleToUncheckRemeberMeCheckBox" classname="com.ui.tests.UITests" time="0.246"/>
  <testcase name="validCredentialsLogin" classname="com.ui.tests.UITests" time="2.395"/>
  <testcase name="InvalidCredentialsLogin" classname="com.ui.tests.UITests" time="1.614"/>
  <testcase name="validEmailInvalidPasswordLogin" classname="com.ui.tests.UITests" time="1.431"/>
  <testcase name="invalidEmailValidPasswordLogin" classname="com.ui.tests.UITests" time="1.404"/>
  <testcase name="emptyCredentialsLogin" classname="com.ui.tests.UITests" time="1.322"/>
  <testcase name="registerNowLinkWorks" classname="com.ui.tests.UITests" time="4.65"/>
  <testcase name="forgotPasswordLinkWorks" classname="com.ui.tests.UITests" time="6.161"/>
  <testcase name="cancelButtonWorks" classname="com.ui.tests.UITests" time="4.098"/>
  <testcase name="troubleLoggingInLinkWorks" classname="com.ui.tests.UITests" time="13.861"/>
  <testcase name="setupForSearchTest" classname="com.ui.tests.UITests" time="15.682"/>
  <testcase name="verifySearchForDifferentKeywords" classname="com.ui.tests.UITests" time="36.493"/>
  <testcase name="verifySearchForDifferentKeywords" classname="com.ui.tests.UITests" time="30.912"/>
  <testcase name="verifySearchForDifferentKeywords" classname="com.ui.tests.UITests" time="28.459"/>
  <testcase name="verifySearchForDifferentKeywords" classname="com.ui.tests.UITests" time="38.121">
    <failure message="No Items found for search keyword, Showing 0 results for &quot;gfggfg&quot; expected [true] but found [false]" type="java.lang.AssertionError">java.lang.AssertionError: No Items found for search keyword, Showing 0 results for "gfggfg" expected [true] but found [false]
	at com.ui.tests.UITests.verifySearchForDifferentKeywords(UITests.java:136)
</failure>
    <system-out><![CDATA[
Showing 0 results for 'gfggfg' 
]]></system-out>
  </testcase>
  <testcase name="verifySell" classname="com.ui.tests.UITests" time="39.373">
    <failure message="no such element: Unable to locate element: {&quot;method&quot;:&quot;css selector&quot;,&quot;selector&quot;:&quot;#listing\-title&quot;}&#10;  (Session info: chrome=104.0.5112.81)&#10;For documentation on this error, please visit: http://seleniumhq.org/exceptions/no_such_element.html&#10;Build info: version: &apos;3.11.0&apos;, revision: &apos;e59cfb3&apos;, time: &apos;2018-03-11T20:26:55.152Z&apos;&#10;System info: host: &apos;IN-HB8L473&apos;, ip: &apos;192.168.43.116&apos;, os.name: &apos;Windows 10&apos;, os.arch: &apos;amd64&apos;, os.version: &apos;10.0&apos;, java.version: &apos;11.0.5&apos;&#10;Driver info: org.openqa.selenium.chrome.ChromeDriver&#10;Capabilities {acceptInsecureCerts: false, browserName: chrome, browserVersion: 104.0.5112.81, chrome: {chromedriverVersion: 104.0.5112.79 (3cf3e8c8a07d..., userDataDir: C:\Users\ROHITN~1\AppData\L...}, goog:chromeOptions: {debuggerAddress: localhost:59917}, javascriptEnabled: true, networkConnectionEnabled: false, pageLoadStrategy: normal, platform: WINDOWS, platformName: WINDOWS, proxy: Proxy(), setWindowRect: true, strictFileInteractability: false, timeouts: {implicit: 0, pageLoad: 300000, script: 30000}, unhandledPromptBehavior: dismiss and notify, webauthn:extension:credBlob: true, webauthn:extension:largeBlob: true, webauthn:virtualAuthenticators: true}&#10;Session ID: a55a786aab197a16a7881dc62f7304fd&#10;*** Element info: {Using=id, value=listing-title}" type="org.openqa.selenium.NoSuchElementException">org.openqa.selenium.NoSuchElementException: 
no such element: Unable to locate element: {"method":"css selector","selector":"#listing\-title"}
  (Session info: chrome=104.0.5112.81)
For documentation on this error, please visit: http://seleniumhq.org/exceptions/no_such_element.html
Build info: version: '3.11.0', revision: 'e59cfb3', time: '2018-03-11T20:26:55.152Z'
System info: host: 'IN-HB8L473', ip: '192.168.43.116', os.name: 'Windows 10', os.arch: 'amd64', os.version: '10.0', java.version: '11.0.5'
Driver info: org.openqa.selenium.chrome.ChromeDriver
Capabilities {acceptInsecureCerts: false, browserName: chrome, browserVersion: 104.0.5112.81, chrome: {chromedriverVersion: 104.0.5112.79 (3cf3e8c8a07d..., userDataDir: C:\Users\ROHITN~1\AppData\L...}, goog:chromeOptions: {debuggerAddress: localhost:59917}, javascriptEnabled: true, networkConnectionEnabled: false, pageLoadStrategy: normal, platform: WINDOWS, platformName: WINDOWS, proxy: Proxy(), setWindowRect: true, strictFileInteractability: false, timeouts: {implicit: 0, pageLoad: 300000, script: 30000}, unhandledPromptBehavior: dismiss and notify, webauthn:extension:credBlob: true, webauthn:extension:largeBlob: true, webauthn:virtualAuthenticators: true}
Session ID: a55a786aab197a16a7881dc62f7304fd
*** Element info: {Using=id, value=listing-title}
	at com.ui.tests.UITests.verifySell(UITests.java:149)
</failure>
  </testcase>
  <testcase name="runScenario" classname="com.api.runner.TestRunner" time="6.241"/>
  <testcase name="runScenario" classname="com.api.runner.TestRunner" time="0.999"/>
  <testcase name="runScenario" classname="com.api.runner.TestRunner" time="0.897"/>
  <testcase name="runScenario" classname="com.api.runner.TestRunner" time="0.784"/>
  <testcase name="runScenario" classname="com.api.runner.TestRunner" time="0.782"/>
  <testcase name="runScenario" classname="com.api.runner.TestRunner" time="0.776"/>
  <testcase name="runScenario" classname="com.api.runner.TestRunner" time="0.891"/>
</testsuite>