<html>
<head>
<title>TestNG:  TradeMe Sandbox - Login and Search Test Scenarios</title>
<link href="../testng.css" rel="stylesheet" type="text/css" />
<link href="../my-testng.css" rel="stylesheet" type="text/css" />

<style type="text/css">
.log { display: none;} 
.stack-trace { display: none;} 
</style>
<script type="text/javascript">
<!--
function flip(e) {
  current = e.style.display;
  if (current == 'block') {
    e.style.display = 'none';
    return 0;
  }
  else {
    e.style.display = 'block';
    return 1;
  }
}

function toggleBox(szDivId, elem, msg1, msg2)
{
  var res = -1;  if (document.getElementById) {
    res = flip(document.getElementById(szDivId));
  }
  else if (document.all) {
    // this is the way old msie versions work
    res = flip(document.all[szDivId]);
  }
  if(elem) {
    if(res == 0) elem.innerHTML = msg1; else elem.innerHTML = msg2;
  }

}

function toggleAllBoxes() {
  if (document.getElementsByTagName) {
    d = document.getElementsByTagName('div');
    for (i = 0; i < d.length; i++) {
      if (d[i].className == 'log') {
        flip(d[i]);
      }
    }
  }
}

// -->
</script>

</head>
<body>
<h2 align='center'>TradeMe Sandbox - Login and Search Test Scenarios</h2><table border='1' align="center">
<tr>
<td>Tests passed/Failed/Skipped:</td><td>15/2/0</td>
</tr><tr>
<td>Started on:</td><td>Sat Aug 13 15:16:06 IST 2022</td>
</tr>
<tr><td>Total time:</td><td>247 seconds (247959 ms)</td>
</tr><tr>
<td>Included groups:</td><td></td>
</tr><tr>
<td>Excluded groups:</td><td></td>
</tr>
</table><p/>
<small><i>(Hover the method name to see the test class name)</i></small><p/>
<table width='100%' border='1' class='invocation-failed'>
<tr><td colspan='4' align='center'><b>FAILED TESTS</b></td></tr>
<tr><td><b>Test method</b></td>
<td width="30%"><b>Exception</b></td>
<td width="10%"><b>Time (seconds)</b></td>
<td><b>Instance</b></td>
</tr>
<tr>
<td title='com.ui.tests.UITests.verifySearchForDifferentKeywords()'><b>verifySearchForDifferentKeywords</b><br>Test class: com.ui.tests.UITests<br>Test method: Verifying able to search for different keywords<br>Parameters: gfggfg</td>
<td><div><pre>java.lang.AssertionError: No Items found for search keyword, Showing 0 results for &quot;gfggfg&quot; expected [true] but found [false]
	at com.ui.tests.UITests.verifySearchForDifferentKeywords(UITests.java:136)
... Removed 31 stack frames</pre></div><a href='#' onClick='toggleBox("stack-trace2115555031", this, "Click to show all stack frames", "Click to hide stack frames")'>Click to show all stack frames</a>
<div class='stack-trace' id='stack-trace2115555031'><pre>java.lang.AssertionError: No Items found for search keyword, Showing 0 results for &quot;gfggfg&quot; expected [true] but found [false]
	at org.testng.Assert.fail(Assert.java:96)
	at org.testng.Assert.failNotEquals(Assert.java:776)
	at org.testng.Assert.assertTrue(Assert.java:44)
	at com.ui.tests.UITests.verifySearchForDifferentKeywords(UITests.java:136)
	at java.base/jdk.internal.reflect.NativeMethodAccessorImpl.invoke0(Native Method)
	at java.base/jdk.internal.reflect.NativeMethodAccessorImpl.invoke(NativeMethodAccessorImpl.java:62)
	at java.base/jdk.internal.reflect.DelegatingMethodAccessorImpl.invoke(DelegatingMethodAccessorImpl.java:43)
	at java.base/java.lang.reflect.Method.invoke(Method.java:566)
	at org.testng.internal.MethodInvocationHelper.invokeMethod(MethodInvocationHelper.java:124)
	at org.testng.internal.Invoker.invokeMethod(Invoker.java:583)
	at org.testng.internal.Invoker.invokeTestMethod(Invoker.java:719)
	at org.testng.internal.Invoker.invokeTestMethods(Invoker.java:989)
	at org.testng.internal.TestMethodWorker.invokeTestMethods(TestMethodWorker.java:125)
	at org.testng.internal.TestMethodWorker.run(TestMethodWorker.java:109)
	at org.testng.TestRunner.privateRun(TestRunner.java:648)
	at org.testng.TestRunner.run(TestRunner.java:505)
	at org.testng.SuiteRunner.runTest(SuiteRunner.java:455)
	at org.testng.SuiteRunner.runSequentially(SuiteRunner.java:450)
	at org.testng.SuiteRunner.privateRun(SuiteRunner.java:415)
	at org.testng.SuiteRunner.run(SuiteRunner.java:364)
	at org.testng.SuiteRunnerWorker.runSuite(SuiteRunnerWorker.java:52)
	at org.testng.SuiteRunnerWorker.run(SuiteRunnerWorker.java:84)
	at org.testng.TestNG.runSuitesSequentially(TestNG.java:1208)
	at org.testng.TestNG.runSuitesLocally(TestNG.java:1137)
	at org.testng.TestNG.runSuites(TestNG.java:1049)
	at org.testng.TestNG.run(TestNG.java:1017)
	at org.apache.maven.surefire.testng.TestNGExecutor.run(TestNGExecutor.java:281)
	at org.apache.maven.surefire.testng.TestNGXmlTestSuite.execute(TestNGXmlTestSuite.java:75)
	at org.apache.maven.surefire.testng.TestNGProvider.invoke(TestNGProvider.java:121)
	at org.apache.maven.surefire.booter.ForkedBooter.invokeProviderInSameClassLoader(ForkedBooter.java:290)
	at org.apache.maven.surefire.booter.ForkedBooter.runSuitesInProcess(ForkedBooter.java:242)
	at org.apache.maven.surefire.booter.ForkedBooter.main(ForkedBooter.java:121)
</pre></div></td>
<td>38</td>
<td>com.ui.tests.UITests@1f84327b</td></tr>
<tr>
<td title='com.ui.tests.UITests.verifySell()'><b>verifySell</b><br>Test class: com.ui.tests.UITests<br>Test method: Verifying Selling - General Item, This will fail due to Sandbox inconsistencies</td>
<td><div><pre>org.openqa.selenium.NoSuchElementException: no such element: Unable to locate element: {&quot;method&quot;:&quot;css selector&quot;,&quot;selector&quot;:&quot;#listing\-title&quot;}
  (Session info: chrome=104.0.5112.81)
For documentation on this error, please visit: http://seleniumhq.org/exceptions/no_such_element.html
Build info: version: &apos;3.11.0&apos;, revision: &apos;e59cfb3&apos;, time: &apos;2018-03-11T20:26:55.152Z&apos;
System info: host: &apos;IN-HB8L473&apos;, ip: &apos;192.168.43.116&apos;, os.name: &apos;Windows 10&apos;, os.arch: &apos;amd64&apos;, os.version: &apos;10.0&apos;, java.version: &apos;11.0.5&apos;
Driver info: org.openqa.selenium.chrome.ChromeDriver
Capabilities {acceptInsecureCerts: false, browserName: chrome, browserVersion: 104.0.5112.81, chrome: {chromedriverVersion: 104.0.5112.79 (3cf3e8c8a07d..., userDataDir: C:\Users\ROHITN~1\AppData\L...}, goog:chromeOptions: {debuggerAddress: localhost:59917}, javascriptEnabled: true, networkConnectionEnabled: false, pageLoadStrategy: normal, platform: WINDOWS, platformName: WINDOWS, proxy: Proxy(), setWindowRect: true, strictFileInteractability: false, timeouts: {implicit: 0, pageLoad: 300000, script: 30000}, unhandledPromptBehavior: dismiss and notify, webauthn:extension:credBlob: true, webauthn:extension:largeBlob: true, webauthn:virtualAuthenticators: true}
Session ID: a55a786aab197a16a7881dc62f7304fd
*** Element info: {Using=id, value=listing-title}
	at org.openqa.selenium.remote.http.W3CHttpResponseCodec.createException(W3CHttpResponseCodec.java:187)
	at org.openqa.selenium.remote.http.W3CHttpResponseCodec.decode(W3CHttpResponseCodec.java:122)
	at org.openqa.selenium.remote.http.W3CHttpResponseCodec.decode(W3CHttpResponseCodec.java:49)
	at org.openqa.selenium.remote.HttpCommandExecutor.execute(HttpCommandExecutor.java:158)
	at org.openqa.selenium.remote.service.DriverCommandExecutor.execute(DriverCommandExecutor.java:83)
	at org.openqa.selenium.remote.RemoteWebDriver.execute(RemoteWebDriver.java:545)
	at org.openqa.selenium.remote.RemoteWebDriver.findElement(RemoteWebDriver.java:319)
	at org.openqa.selenium.remote.RemoteWebDriver.findElementById(RemoteWebDriver.java:365)
	at org.openqa.selenium.By$ById.findElement(By.java:218)
	at org.openqa.selenium.remote.RemoteWebDriver.findElement(RemoteWebDriver.java:311)
	at org.openqa.selenium.support.pagefactory.DefaultElementLocator.findElement(DefaultElementLocator.java:69)
	at org.openqa.selenium.support.pagefactory.internal.LocatingElementHandler.invoke(LocatingElementHandler.java:38)
	at com.sun.proxy.$Proxy9.clear(Unknown Source)
	at com.ui.pages.TradeMe.enterListingTitle(TradeMe.java:49)
	at com.ui.tests.UITests.verifySell(UITests.java:149)
... Removed 32 stack frames</pre></div><a href='#' onClick='toggleBox("stack-trace130922492", this, "Click to show all stack frames", "Click to hide stack frames")'>Click to show all stack frames</a>
<div class='stack-trace' id='stack-trace130922492'><pre>org.openqa.selenium.NoSuchElementException: no such element: Unable to locate element: {&quot;method&quot;:&quot;css selector&quot;,&quot;selector&quot;:&quot;#listing\-title&quot;}
  (Session info: chrome=104.0.5112.81)
For documentation on this error, please visit: http://seleniumhq.org/exceptions/no_such_element.html
Build info: version: &apos;3.11.0&apos;, revision: &apos;e59cfb3&apos;, time: &apos;2018-03-11T20:26:55.152Z&apos;
System info: host: &apos;IN-HB8L473&apos;, ip: &apos;192.168.43.116&apos;, os.name: &apos;Windows 10&apos;, os.arch: &apos;amd64&apos;, os.version: &apos;10.0&apos;, java.version: &apos;11.0.5&apos;
Driver info: org.openqa.selenium.chrome.ChromeDriver
Capabilities {acceptInsecureCerts: false, browserName: chrome, browserVersion: 104.0.5112.81, chrome: {chromedriverVersion: 104.0.5112.79 (3cf3e8c8a07d..., userDataDir: C:\Users\ROHITN~1\AppData\L...}, goog:chromeOptions: {debuggerAddress: localhost:59917}, javascriptEnabled: true, networkConnectionEnabled: false, pageLoadStrategy: normal, platform: WINDOWS, platformName: WINDOWS, proxy: Proxy(), setWindowRect: true, strictFileInteractability: false, timeouts: {implicit: 0, pageLoad: 300000, script: 30000}, unhandledPromptBehavior: dismiss and notify, webauthn:extension:credBlob: true, webauthn:extension:largeBlob: true, webauthn:virtualAuthenticators: true}
Session ID: a55a786aab197a16a7881dc62f7304fd
*** Element info: {Using=id, value=listing-title}
	at java.base/jdk.internal.reflect.NativeConstructorAccessorImpl.newInstance0(Native Method)
	at java.base/jdk.internal.reflect.NativeConstructorAccessorImpl.newInstance(NativeConstructorAccessorImpl.java:62)
	at java.base/jdk.internal.reflect.DelegatingConstructorAccessorImpl.newInstance(DelegatingConstructorAccessorImpl.java:45)
	at java.base/java.lang.reflect.Constructor.newInstance(Constructor.java:490)
	at org.openqa.selenium.remote.http.W3CHttpResponseCodec.createException(W3CHttpResponseCodec.java:187)
	at org.openqa.selenium.remote.http.W3CHttpResponseCodec.decode(W3CHttpResponseCodec.java:122)
	at org.openqa.selenium.remote.http.W3CHttpResponseCodec.decode(W3CHttpResponseCodec.java:49)
	at org.openqa.selenium.remote.HttpCommandExecutor.execute(HttpCommandExecutor.java:158)
	at org.openqa.selenium.remote.service.DriverCommandExecutor.execute(DriverCommandExecutor.java:83)
	at org.openqa.selenium.remote.RemoteWebDriver.execute(RemoteWebDriver.java:545)
	at org.openqa.selenium.remote.RemoteWebDriver.findElement(RemoteWebDriver.java:319)
	at org.openqa.selenium.remote.RemoteWebDriver.findElementById(RemoteWebDriver.java:365)
	at org.openqa.selenium.By$ById.findElement(By.java:218)
	at org.openqa.selenium.remote.RemoteWebDriver.findElement(RemoteWebDriver.java:311)
	at org.openqa.selenium.support.pagefactory.DefaultElementLocator.findElement(DefaultElementLocator.java:69)
	at org.openqa.selenium.support.pagefactory.internal.LocatingElementHandler.invoke(LocatingElementHandler.java:38)
	at com.sun.proxy.$Proxy9.clear(Unknown Source)
	at com.ui.pages.TradeMe.enterListingTitle(TradeMe.java:49)
	at com.ui.tests.UITests.verifySell(UITests.java:149)
	at java.base/jdk.internal.reflect.NativeMethodAccessorImpl.invoke0(Native Method)
	at java.base/jdk.internal.reflect.NativeMethodAccessorImpl.invoke(NativeMethodAccessorImpl.java:62)
	at java.base/jdk.internal.reflect.DelegatingMethodAccessorImpl.invoke(DelegatingMethodAccessorImpl.java:43)
	at java.base/java.lang.reflect.Method.invoke(Method.java:566)
	at org.testng.internal.MethodInvocationHelper.invokeMethod(MethodInvocationHelper.java:124)
	at org.testng.internal.Invoker.invokeMethod(Invoker.java:583)
	at org.testng.internal.Invoker.invokeTestMethod(Invoker.java:719)
	at org.testng.internal.Invoker.invokeTestMethods(Invoker.java:989)
	at org.testng.internal.TestMethodWorker.invokeTestMethods(TestMethodWorker.java:125)
	at org.testng.internal.TestMethodWorker.run(TestMethodWorker.java:109)
	at org.testng.TestRunner.privateRun(TestRunner.java:648)
	at org.testng.TestRunner.run(TestRunner.java:505)
	at org.testng.SuiteRunner.runTest(SuiteRunner.java:455)
	at org.testng.SuiteRunner.runSequentially(SuiteRunner.java:450)
	at org.testng.SuiteRunner.privateRun(SuiteRunner.java:415)
	at org.testng.SuiteRunner.run(SuiteRunner.java:364)
	at org.testng.SuiteRunnerWorker.runSuite(SuiteRunnerWorker.java:52)
	at org.testng.SuiteRunnerWorker.run(SuiteRunnerWorker.java:84)
	at org.testng.TestNG.runSuitesSequentially(TestNG.java:1208)
	at org.testng.TestNG.runSuitesLocally(TestNG.java:1137)
	at org.testng.TestNG.runSuites(TestNG.java:1049)
	at org.testng.TestNG.run(TestNG.java:1017)
	at org.apache.maven.surefire.testng.TestNGExecutor.run(TestNGExecutor.java:281)
	at org.apache.maven.surefire.testng.TestNGXmlTestSuite.execute(TestNGXmlTestSuite.java:75)
	at org.apache.maven.surefire.testng.TestNGProvider.invoke(TestNGProvider.java:121)
	at org.apache.maven.surefire.booter.ForkedBooter.invokeProviderInSameClassLoader(ForkedBooter.java:290)
	at org.apache.maven.surefire.booter.ForkedBooter.runSuitesInProcess(ForkedBooter.java:242)
	at org.apache.maven.surefire.booter.ForkedBooter.main(ForkedBooter.java:121)
</pre></div></td>
<td>39</td>
<td>com.ui.tests.UITests@1f84327b</td></tr>
</table><p>
<table width='100%' border='1' class='invocation-passed'>
<tr><td colspan='4' align='center'><b>PASSED TESTS</b></td></tr>
<tr><td><b>Test method</b></td>
<td width="30%"><b>Exception</b></td>
<td width="10%"><b>Time (seconds)</b></td>
<td><b>Instance</b></td>
</tr>
<tr>
<td title='com.ui.tests.UITests.InvalidCredentialsLogin()'><b>InvalidCredentialsLogin</b><br>Test class: com.ui.tests.UITests<br>Test method: Verifying Login for Invalid Email & Password combination<br>Parameters: invalid_email@hello.com, invalidpasswd, Please complete Google reCAPTCHA and try again</td>
<td></td>
<td>1</td>
<td>com.ui.tests.UITests@1f84327b</td></tr>
<tr>
<td title='com.ui.tests.UITests.cancelButtonWorks()'><b>cancelButtonWorks</b><br>Test class: com.ui.tests.UITests<br>Test method: Verifying Cancel link works<br>Parameters: TRADEME SANDBOX - Buy online and sell with NZ</td>
<td></td>
<td>4</td>
<td>com.ui.tests.UITests@1f84327b</td></tr>
<tr>
<td title='com.ui.tests.UITests.emptyCredentialsLogin()'><b>emptyCredentialsLogin</b><br>Test class: com.ui.tests.UITests<br>Test method: Verifying Login for empty credentials<br>Parameters: , , This field is required</td>
<td></td>
<td>1</td>
<td>com.ui.tests.UITests@1f84327b</td></tr>
<tr>
<td title='com.ui.tests.UITests.forgotPasswordLinkWorks()'><b>forgotPasswordLinkWorks</b><br>Test class: com.ui.tests.UITests<br>Test method: Verifying forgot password link works<br>Parameters: https://www.tmsandbox.co.nz/Members/PasswordReminder.aspx</td>
<td></td>
<td>6</td>
<td>com.ui.tests.UITests@1f84327b</td></tr>
<tr>
<td title='com.ui.tests.UITests.invalidEmailValidPasswordLogin()'><b>invalidEmailValidPasswordLogin</b><br>Test class: com.ui.tests.UITests<br>Test method: Verifying Login for Invalid Email & Valid Password combination<br>Parameters: invalid_email@hello, validpasswd, Please enter a valid email address</td>
<td></td>
<td>1</td>
<td>com.ui.tests.UITests@1f84327b</td></tr>
<tr>
<td title='com.ui.tests.UITests.registerNowLinkWorks()'><b>registerNowLinkWorks</b><br>Test class: com.ui.tests.UITests<br>Test method: Verifying Register now link works<br>Parameters: Trade Me - Register</td>
<td></td>
<td>4</td>
<td>com.ui.tests.UITests@1f84327b</td></tr>
<tr>
<td title='com.ui.tests.UITests.setupForSearchTest()'><b>setupForSearchTest</b><br>Test class: com.ui.tests.UITests</td>
<td></td>
<td>15</td>
<td>com.ui.tests.UITests@1f84327b</td></tr>
<tr>
<td title='com.ui.tests.UITests.troubleLoggingInLinkWorks()'><b>troubleLoggingInLinkWorks</b><br>Test class: com.ui.tests.UITests<br>Test method: Verifying Having trouble in logging link works<br>Parameters: Logging in – Help - Trade Me</td>
<td></td>
<td>13</td>
<td>com.ui.tests.UITests@1f84327b</td></tr>
<tr>
<td title='com.ui.tests.UITests.validCredentialsLogin()'><b>validCredentialsLogin</b><br>Test class: com.ui.tests.UITests<br>Test method: Verifying Login for Valid Email & Password combination<br>Parameters: valid_email@hello.com, validpasswd, Please complete Google reCAPTCHA and try again</td>
<td></td>
<td>2</td>
<td>com.ui.tests.UITests@1f84327b</td></tr>
<tr>
<td title='com.ui.tests.UITests.validEmailInvalidPasswordLogin()'><b>validEmailInvalidPasswordLogin</b><br>Test class: com.ui.tests.UITests<br>Test method: Verifying Login for Valid Email & Invalid Password combination<br>Parameters: valid_email@hello.com, invalidpasswd, Please complete Google reCAPTCHA and try again</td>
<td></td>
<td>1</td>
<td>com.ui.tests.UITests@1f84327b</td></tr>
<tr>
<td title='com.ui.tests.UITests.validateAbleToUncheckRemeberMeCheckBox()'><b>validateAbleToUncheckRemeberMeCheckBox</b><br>Test class: com.ui.tests.UITests<br>Test method: Verifying Able to uncheck Remember Me</td>
<td></td>
<td>0</td>
<td>com.ui.tests.UITests@1f84327b</td></tr>
<tr>
<td title='com.ui.tests.UITests.validateByDefaultRemeberMeCheckBoxIsChecked()'><b>validateByDefaultRemeberMeCheckBoxIsChecked</b><br>Test class: com.ui.tests.UITests<br>Test method: Verifying By default Remember Me is selected</td>
<td></td>
<td>0</td>
<td>com.ui.tests.UITests@1f84327b</td></tr>
<tr>
<td title='com.ui.tests.UITests.verifySearchForDifferentKeywords()'><b>verifySearchForDifferentKeywords</b><br>Test class: com.ui.tests.UITests<br>Test method: Verifying able to search for different keywords<br>Parameters: thinkpad</td>
<td></td>
<td>36</td>
<td>com.ui.tests.UITests@1f84327b</td></tr>
<tr>
<td title='com.ui.tests.UITests.verifySearchForDifferentKeywords()'><b>verifySearchForDifferentKeywords</b><br>Test class: com.ui.tests.UITests<br>Test method: Verifying able to search for different keywords<br>Parameters: wireless mouse</td>
<td></td>
<td>30</td>
<td>com.ui.tests.UITests@1f84327b</td></tr>
<tr>
<td title='com.ui.tests.UITests.verifySearchForDifferentKeywords()'><b>verifySearchForDifferentKeywords</b><br>Test class: com.ui.tests.UITests<br>Test method: Verifying able to search for different keywords<br>Parameters: wireless keyboard</td>
<td></td>
<td>28</td>
<td>com.ui.tests.UITests@1f84327b</td></tr>
</table><p>
</body>
</html>