<?xml version="1.0" encoding="UTF-8"?>
<testng-results ignored="0" total="1" passed="1" failed="0" skipped="0">
  <reporter-output>
  </reporter-output>
  <suite started-at="2022-08-17T15:06:19Z" name="ACExercise" finished-at="2022-08-17T15:06:28Z" duration-ms="8741">
    <groups>
      <group name="cucumber">
        <method signature="AbstractTestNGCucumberTests.runScenario(io.cucumber.testng.PickleWrapper, io.cucumber.testng.FeatureWrapper)[pri:0, instance:com.api.runner.TestRunner@74db12c2]" name="runScenario" class="io.cucumber.testng.AbstractTestNGCucumberTests"/>
      </group> <!-- cucumber -->
    </groups>
    <test started-at="2022-08-17T15:06:19Z" name="API Test Scenario Demo" finished-at="2022-08-17T15:06:28Z" duration-ms="8741">
      <class name="com.api.runner.TestRunner">
        <test-method is-config="true" signature="setUpClass()[pri:0, instance:com.api.runner.TestRunner@74db12c2]" started-at="2022-08-17T15:06:19Z" name="setUpClass" finished-at="2022-08-17T15:06:20Z" duration-ms="704" status="PASS">
          <reporter-output>
          </reporter-output>
        </test-method> <!-- setUpClass -->
        <test-method signature="runScenario(io.cucumber.testng.PickleWrapper, io.cucumber.testng.FeatureWrapper)[pri:0, instance:com.api.runner.TestRunner@74db12c2]" started-at="2022-08-17T15:06:20Z" name="runScenario" description="Runs Cucumber Scenarios" data-provider="scenarios" finished-at="2022-08-17T15:06:28Z" duration-ms="7793" status="PASS">
          <params>
            <param index="0">
              <value>
                <![CDATA["Validate GET API response for TM Sandbox Category"]]>
              </value>
            </param>
            <param index="1">
              <value>
                <![CDATA["Validation of GET Category API"]]>
              </value>
            </param>
          </params>
          <reporter-output>
          </reporter-output>
        </test-method> <!-- runScenario -->
        <test-method is-config="true" signature="tearDownClass()[pri:0, instance:com.api.runner.TestRunner@74db12c2]" started-at="2022-08-17T15:06:28Z" name="tearDownClass" finished-at="2022-08-17T15:06:28Z" duration-ms="165" status="PASS">
          <reporter-output>
          </reporter-output>
        </test-method> <!-- tearDownClass -->
      </class> <!-- com.api.runner.TestRunner -->
    </test> <!-- API Test Scenario Demo -->
  </suite> <!-- ACExercise -->
</testng-results>
